\BOOKMARK [0][-]{chapter.1}{\376\377\0001\000\040\000S\000z\000e\000r\000e\000t\000e\000m\000\040\000a\000z\000\040\000a\000n\000i\000m\000e\000\040\000l\000\341\000n\000y\000a\000i\000d\000a\000t}{}% 1
\BOOKMARK [0][-]{chapter.2}{\376\377\0002\000\040\000H\000i\000e\000r\000a\000r\000c\000h\000i\000k\000u\000s\000\040\000m\000u\000t\000a\000t\000\363}{}% 2
\BOOKMARK [1][-]{section.2.1}{\376\377\0002\000.\0001\000\040\000O\000s\000z\000t\000\341\000l\000y\000h\000i\000e\000r\000a\000r\000c\000h\000i\000a}{chapter.2}% 3
\BOOKMARK [0][-]{chapter.3}{\376\377\0003\000\040\000O\000s\000z\000t\000\341\000l\000y\000m\000u\000t\000a\000t\000\363}{}% 4
\BOOKMARK [1][-]{section.3.1}{\376\377\0003\000.\0001\000\040\000O\000s\000z\000t\000\341\000l\000y\000l\000i\000s\000t\000a}{chapter.3}% 5
\BOOKMARK [0][-]{chapter.4}{\376\377\0004\000\040\000F\000\341\000j\000l\000m\000u\000t\000a\000t\000\363}{}% 6
\BOOKMARK [1][-]{section.4.1}{\376\377\0004\000.\0001\000\040\000F\000\341\000j\000l\000l\000i\000s\000t\000a}{chapter.4}% 7
\BOOKMARK [0][-]{chapter.5}{\376\377\0005\000\040\000O\000s\000z\000t\000\341\000l\000y\000o\000k\000\040\000d\000o\000k\000u\000m\000e\000n\000t\000\341\000c\000i\000\363\000j\000a}{}% 8
\BOOKMARK [1][-]{section.5.1}{\376\377\0005\000.\0001\000\040\000A\000N\000D\000\040\000o\000s\000z\000t\000\341\000l\000y\000r\000e\000f\000e\000r\000e\000n\000c\000i\000a}{chapter.5}% 9
\BOOKMARK [2][-]{subsection.5.1.1}{\376\377\0005\000.\0001\000.\0001\000\040\000K\000o\000n\000s\000t\000r\000u\000k\000t\000o\000r\000o\000k\000\040\000\351\000s\000\040\000d\000e\000s\000t\000r\000u\000k\000t\000o\000r\000o\000k\000\040\000d\000o\000k\000u\000m\000e\000n\000t\000\341\000c\000i\000\363\000j\000a}{section.5.1}% 10
\BOOKMARK [3][-]{subsubsection.5.1.1.1}{\376\377\0005\000.\0001\000.\0001\000.\0001\000\040\000A\000N\000D\000\050\000\051}{subsection.5.1.1}% 11
\BOOKMARK [2][-]{subsection.5.1.2}{\376\377\0005\000.\0001\000.\0002\000\040\000T\000a\000g\000f\000\374\000g\000g\000v\000\351\000n\000y\000e\000k\000\040\000d\000o\000k\000u\000m\000e\000n\000t\000\341\000c\000i\000\363\000j\000a}{section.5.1}% 12
\BOOKMARK [3][-]{subsubsection.5.1.2.1}{\376\377\0005\000.\0001\000.\0002\000.\0001\000\040\000g\000e\000t\000\137\000n\000a\000m\000e\000\050\000\051}{subsection.5.1.2}% 13
\BOOKMARK [3][-]{subsubsection.5.1.2.2}{\376\377\0005\000.\0001\000.\0002\000.\0002\000\040\000w\000r\000i\000t\000e\000\050\000\051}{subsection.5.1.2}% 14
\BOOKMARK [1][-]{section.5.2}{\376\377\0005\000.\0002\000\040\000C\000o\000m\000p\000o\000n\000e\000n\000t\000\040\000o\000s\000z\000t\000\341\000l\000y\000r\000e\000f\000e\000r\000e\000n\000c\000i\000a}{chapter.5}% 15
\BOOKMARK [2][-]{subsection.5.2.1}{\376\377\0005\000.\0002\000.\0001\000\040\000T\000a\000g\000f\000\374\000g\000g\000v\000\351\000n\000y\000e\000k\000\040\000d\000o\000k\000u\000m\000e\000n\000t\000\341\000c\000i\000\363\000j\000a}{section.5.2}% 16
\BOOKMARK [3][-]{subsubsection.5.2.1.1}{\376\377\0005\000.\0002\000.\0001\000.\0001\000\040\000w\000r\000i\000t\000e\000\050\000\051}{subsection.5.2.1}% 17
\BOOKMARK [1][-]{section.5.3}{\376\377\0005\000.\0003\000\040\000I\000N\000P\000\040\000o\000s\000z\000t\000\341\000l\000y\000r\000e\000f\000e\000r\000e\000n\000c\000i\000a}{chapter.5}% 18
\BOOKMARK [2][-]{subsection.5.3.1}{\376\377\0005\000.\0003\000.\0001\000\040\000K\000o\000n\000s\000t\000r\000u\000k\000t\000o\000r\000o\000k\000\040\000\351\000s\000\040\000d\000e\000s\000t\000r\000u\000k\000t\000o\000r\000o\000k\000\040\000d\000o\000k\000u\000m\000e\000n\000t\000\341\000c\000i\000\363\000j\000a}{section.5.3}% 19
\BOOKMARK [3][-]{subsubsection.5.3.1.1}{\376\377\0005\000.\0003\000.\0001\000.\0001\000\040\000I\000N\000P\000\050\000\051}{subsection.5.3.1}% 20
\BOOKMARK [2][-]{subsection.5.3.2}{\376\377\0005\000.\0003\000.\0002\000\040\000T\000a\000g\000f\000\374\000g\000g\000v\000\351\000n\000y\000e\000k\000\040\000d\000o\000k\000u\000m\000e\000n\000t\000\341\000c\000i\000\363\000j\000a}{section.5.3}% 21
\BOOKMARK [3][-]{subsubsection.5.3.2.1}{\376\377\0005\000.\0003\000.\0002\000.\0001\000\040\000g\000e\000t\000\137\000n\000a\000m\000e\000\050\000\051}{subsection.5.3.2}% 22
\BOOKMARK [3][-]{subsubsection.5.3.2.2}{\376\377\0005\000.\0003\000.\0002\000.\0002\000\040\000w\000r\000i\000t\000e\000\050\000\051}{subsection.5.3.2}% 23
\BOOKMARK [1][-]{section.5.4}{\376\377\0005\000.\0004\000\040\000L\000o\000g\000i\000c\000N\000e\000t\000w\000o\000r\000k\000\040\000o\000s\000z\000t\000\341\000l\000y\000r\000e\000f\000e\000r\000e\000n\000c\000i\000a}{chapter.5}% 24
\BOOKMARK [2][-]{subsection.5.4.1}{\376\377\0005\000.\0004\000.\0001\000\040\000K\000o\000n\000s\000t\000r\000u\000k\000t\000o\000r\000o\000k\000\040\000\351\000s\000\040\000d\000e\000s\000t\000r\000u\000k\000t\000o\000r\000o\000k\000\040\000d\000o\000k\000u\000m\000e\000n\000t\000\341\000c\000i\000\363\000j\000a}{section.5.4}% 25
\BOOKMARK [3][-]{subsubsection.5.4.1.1}{\376\377\0005\000.\0004\000.\0001\000.\0001\000\040\000L\000o\000g\000i\000c\000N\000e\000t\000w\000o\000r\000k\000\050\000\051}{subsection.5.4.1}% 26
\BOOKMARK [2][-]{subsection.5.4.2}{\376\377\0005\000.\0004\000.\0002\000\040\000T\000a\000g\000f\000\374\000g\000g\000v\000\351\000n\000y\000e\000k\000\040\000d\000o\000k\000u\000m\000e\000n\000t\000\341\000c\000i\000\363\000j\000a}{section.5.4}% 27
\BOOKMARK [3][-]{subsubsection.5.4.2.1}{\376\377\0005\000.\0004\000.\0002\000.\0001\000\040\000a\000d\000d\000\137\000c\000o\000m\000p\000o\000n\000e\000n\000t\000\050\000\051}{subsection.5.4.2}% 28
\BOOKMARK [3][-]{subsubsection.5.4.2.2}{\376\377\0005\000.\0004\000.\0002\000.\0002\000\040\000b\000u\000l\000k\000\137\000u\000p\000d\000a\000t\000e\000\050\000\051}{subsection.5.4.2}% 29
\BOOKMARK [3][-]{subsubsection.5.4.2.3}{\376\377\0005\000.\0004\000.\0002\000.\0003\000\040\000g\000e\000t\000\137\000o\000s\000\050\000\051}{subsection.5.4.2}% 30
\BOOKMARK [3][-]{subsubsection.5.4.2.4}{\376\377\0005\000.\0004\000.\0002\000.\0004\000\040\000g\000e\000t\000\137\000w\000i\000r\000e\000\050\000\051}{subsection.5.4.2}% 31
\BOOKMARK [1][-]{section.5.5}{\376\377\0005\000.\0005\000\040\000L\000o\000g\000i\000c\000N\000e\000t\000w\000o\000r\000k\000C\000o\000n\000f\000i\000g\000u\000r\000e\000r\000\040\000o\000s\000z\000t\000\341\000l\000y\000r\000e\000f\000e\000r\000e\000n\000c\000i\000a}{chapter.5}% 32
\BOOKMARK [2][-]{subsection.5.5.1}{\376\377\0005\000.\0005\000.\0001\000\040\000T\000a\000g\000f\000\374\000g\000g\000v\000\351\000n\000y\000e\000k\000\040\000d\000o\000k\000u\000m\000e\000n\000t\000\341\000c\000i\000\363\000j\000a}{section.5.5}% 33
\BOOKMARK [3][-]{subsubsection.5.5.1.1}{\376\377\0005\000.\0005\000.\0001\000.\0001\000\040\000r\000e\000a\000d\000\137\000l\000o\000g\000i\000c\000\137\000n\000e\000t\000w\000o\000r\000k\000\050\000\051}{subsection.5.5.1}% 34
\BOOKMARK [3][-]{subsubsection.5.5.1.2}{\376\377\0005\000.\0005\000.\0001\000.\0002\000\040\000w\000r\000i\000t\000e\000\137\000l\000o\000g\000i\000c\000\137\000n\000e\000t\000w\000o\000r\000k\000\050\000\051}{subsection.5.5.1}% 35
\BOOKMARK [1][-]{section.5.6}{\376\377\0005\000.\0006\000\040\000N\000O\000T\000\040\000o\000s\000z\000t\000\341\000l\000y\000r\000e\000f\000e\000r\000e\000n\000c\000i\000a}{chapter.5}% 36
\BOOKMARK [2][-]{subsection.5.6.1}{\376\377\0005\000.\0006\000.\0001\000\040\000K\000o\000n\000s\000t\000r\000u\000k\000t\000o\000r\000o\000k\000\040\000\351\000s\000\040\000d\000e\000s\000t\000r\000u\000k\000t\000o\000r\000o\000k\000\040\000d\000o\000k\000u\000m\000e\000n\000t\000\341\000c\000i\000\363\000j\000a}{section.5.6}% 37
\BOOKMARK [3][-]{subsubsection.5.6.1.1}{\376\377\0005\000.\0006\000.\0001\000.\0001\000\040\000N\000O\000T\000\050\000\051}{subsection.5.6.1}% 38
\BOOKMARK [2][-]{subsection.5.6.2}{\376\377\0005\000.\0006\000.\0002\000\040\000T\000a\000g\000f\000\374\000g\000g\000v\000\351\000n\000y\000e\000k\000\040\000d\000o\000k\000u\000m\000e\000n\000t\000\341\000c\000i\000\363\000j\000a}{section.5.6}% 39
\BOOKMARK [3][-]{subsubsection.5.6.2.1}{\376\377\0005\000.\0006\000.\0002\000.\0001\000\040\000g\000e\000t\000\137\000n\000a\000m\000e\000\050\000\051}{subsection.5.6.2}% 40
\BOOKMARK [3][-]{subsubsection.5.6.2.2}{\376\377\0005\000.\0006\000.\0002\000.\0002\000\040\000w\000r\000i\000t\000e\000\050\000\051}{subsection.5.6.2}% 41
\BOOKMARK [1][-]{section.5.7}{\376\377\0005\000.\0007\000\040\000O\000R\000\040\000o\000s\000z\000t\000\341\000l\000y\000r\000e\000f\000e\000r\000e\000n\000c\000i\000a}{chapter.5}% 42
\BOOKMARK [2][-]{subsection.5.7.1}{\376\377\0005\000.\0007\000.\0001\000\040\000K\000o\000n\000s\000t\000r\000u\000k\000t\000o\000r\000o\000k\000\040\000\351\000s\000\040\000d\000e\000s\000t\000r\000u\000k\000t\000o\000r\000o\000k\000\040\000d\000o\000k\000u\000m\000e\000n\000t\000\341\000c\000i\000\363\000j\000a}{section.5.7}% 43
\BOOKMARK [3][-]{subsubsection.5.7.1.1}{\376\377\0005\000.\0007\000.\0001\000.\0001\000\040\000O\000R\000\050\000\051}{subsection.5.7.1}% 44
\BOOKMARK [2][-]{subsection.5.7.2}{\376\377\0005\000.\0007\000.\0002\000\040\000T\000a\000g\000f\000\374\000g\000g\000v\000\351\000n\000y\000e\000k\000\040\000d\000o\000k\000u\000m\000e\000n\000t\000\341\000c\000i\000\363\000j\000a}{section.5.7}% 45
\BOOKMARK [3][-]{subsubsection.5.7.2.1}{\376\377\0005\000.\0007\000.\0002\000.\0001\000\040\000g\000e\000t\000\137\000n\000a\000m\000e\000\050\000\051}{subsection.5.7.2}% 46
\BOOKMARK [3][-]{subsubsection.5.7.2.2}{\376\377\0005\000.\0007\000.\0002\000.\0002\000\040\000w\000r\000i\000t\000e\000\050\000\051}{subsection.5.7.2}% 47
\BOOKMARK [1][-]{section.5.8}{\376\377\0005\000.\0008\000\040\000P\000R\000I\000N\000T\000\040\000o\000s\000z\000t\000\341\000l\000y\000r\000e\000f\000e\000r\000e\000n\000c\000i\000a}{chapter.5}% 48
\BOOKMARK [2][-]{subsection.5.8.1}{\376\377\0005\000.\0008\000.\0001\000\040\000K\000o\000n\000s\000t\000r\000u\000k\000t\000o\000r\000o\000k\000\040\000\351\000s\000\040\000d\000e\000s\000t\000r\000u\000k\000t\000o\000r\000o\000k\000\040\000d\000o\000k\000u\000m\000e\000n\000t\000\341\000c\000i\000\363\000j\000a}{section.5.8}% 49
\BOOKMARK [3][-]{subsubsection.5.8.1.1}{\376\377\0005\000.\0008\000.\0001\000.\0001\000\040\000P\000R\000I\000N\000T\000\050\000\051}{subsection.5.8.1}% 50
\BOOKMARK [2][-]{subsection.5.8.2}{\376\377\0005\000.\0008\000.\0002\000\040\000T\000a\000g\000f\000\374\000g\000g\000v\000\351\000n\000y\000e\000k\000\040\000d\000o\000k\000u\000m\000e\000n\000t\000\341\000c\000i\000\363\000j\000a}{section.5.8}% 51
\BOOKMARK [3][-]{subsubsection.5.8.2.1}{\376\377\0005\000.\0008\000.\0002\000.\0001\000\040\000g\000e\000t\000\137\000n\000a\000m\000e\000\050\000\051}{subsection.5.8.2}% 52
\BOOKMARK [3][-]{subsubsection.5.8.2.2}{\376\377\0005\000.\0008\000.\0002\000.\0002\000\040\000w\000r\000i\000t\000e\000\050\000\051}{subsection.5.8.2}% 53
\BOOKMARK [1][-]{section.5.9}{\376\377\0005\000.\0009\000\040\000S\000T\000D\000\137\000I\000N\000P\000\040\000o\000s\000z\000t\000\341\000l\000y\000r\000e\000f\000e\000r\000e\000n\000c\000i\000a}{chapter.5}% 54
\BOOKMARK [2][-]{subsection.5.9.1}{\376\377\0005\000.\0009\000.\0001\000\040\000K\000o\000n\000s\000t\000r\000u\000k\000t\000o\000r\000o\000k\000\040\000\351\000s\000\040\000d\000e\000s\000t\000r\000u\000k\000t\000o\000r\000o\000k\000\040\000d\000o\000k\000u\000m\000e\000n\000t\000\341\000c\000i\000\363\000j\000a}{section.5.9}% 55
\BOOKMARK [3][-]{subsubsection.5.9.1.1}{\376\377\0005\000.\0009\000.\0001\000.\0001\000\040\000S\000T\000D\000\137\000I\000N\000P\000\050\000\051}{subsection.5.9.1}% 56
\BOOKMARK [2][-]{subsection.5.9.2}{\376\377\0005\000.\0009\000.\0002\000\040\000T\000a\000g\000f\000\374\000g\000g\000v\000\351\000n\000y\000e\000k\000\040\000d\000o\000k\000u\000m\000e\000n\000t\000\341\000c\000i\000\363\000j\000a}{section.5.9}% 57
\BOOKMARK [3][-]{subsubsection.5.9.2.1}{\376\377\0005\000.\0009\000.\0002\000.\0001\000\040\000g\000e\000t\000\137\000n\000a\000m\000e\000\050\000\051}{subsection.5.9.2}% 58
\BOOKMARK [3][-]{subsubsection.5.9.2.2}{\376\377\0005\000.\0009\000.\0002\000.\0002\000\040\000u\000p\000d\000a\000t\000e\000\050\000\051}{subsection.5.9.2}% 59
\BOOKMARK [3][-]{subsubsection.5.9.2.3}{\376\377\0005\000.\0009\000.\0002\000.\0003\000\040\000w\000r\000i\000t\000e\000\050\000\051}{subsection.5.9.2}% 60
\BOOKMARK [1][-]{section.5.10}{\376\377\0005\000.\0001\0000\000\040\000W\000i\000r\000e\000\040\000o\000s\000z\000t\000\341\000l\000y\000r\000e\000f\000e\000r\000e\000n\000c\000i\000a}{chapter.5}% 61
\BOOKMARK [2][-]{subsection.5.10.1}{\376\377\0005\000.\0001\0000\000.\0001\000\040\000T\000a\000g\000f\000\374\000g\000g\000v\000\351\000n\000y\000e\000k\000\040\000d\000o\000k\000u\000m\000e\000n\000t\000\341\000c\000i\000\363\000j\000a}{section.5.10}% 62
\BOOKMARK [3][-]{subsubsection.5.10.1.1}{\376\377\0005\000.\0001\0000\000.\0001\000.\0001\000\040\000g\000e\000t\000\137\000s\000i\000g\000n\000a\000l\000\050\000\051}{subsection.5.10.1}% 63
\BOOKMARK [3][-]{subsubsection.5.10.1.2}{\376\377\0005\000.\0001\0000\000.\0001\000.\0002\000\040\000s\000e\000t\000\137\000s\000i\000g\000n\000a\000l\000\050\000\051}{subsection.5.10.1}% 64
\BOOKMARK [1][-]{section.5.11}{\376\377\0005\000.\0001\0001\000\040\000X\000O\000R\000\040\000o\000s\000z\000t\000\341\000l\000y\000r\000e\000f\000e\000r\000e\000n\000c\000i\000a}{chapter.5}% 65
\BOOKMARK [2][-]{subsection.5.11.1}{\376\377\0005\000.\0001\0001\000.\0001\000\040\000K\000o\000n\000s\000t\000r\000u\000k\000t\000o\000r\000o\000k\000\040\000\351\000s\000\040\000d\000e\000s\000t\000r\000u\000k\000t\000o\000r\000o\000k\000\040\000d\000o\000k\000u\000m\000e\000n\000t\000\341\000c\000i\000\363\000j\000a}{section.5.11}% 66
\BOOKMARK [3][-]{subsubsection.5.11.1.1}{\376\377\0005\000.\0001\0001\000.\0001\000.\0001\000\040\000X\000O\000R\000\050\000\051}{subsection.5.11.1}% 67
\BOOKMARK [2][-]{subsection.5.11.2}{\376\377\0005\000.\0001\0001\000.\0002\000\040\000T\000a\000g\000f\000\374\000g\000g\000v\000\351\000n\000y\000e\000k\000\040\000d\000o\000k\000u\000m\000e\000n\000t\000\341\000c\000i\000\363\000j\000a}{section.5.11}% 68
\BOOKMARK [3][-]{subsubsection.5.11.2.1}{\376\377\0005\000.\0001\0001\000.\0002\000.\0001\000\040\000g\000e\000t\000\137\000n\000a\000m\000e\000\050\000\051}{subsection.5.11.2}% 69
\BOOKMARK [3][-]{subsubsection.5.11.2.2}{\376\377\0005\000.\0001\0001\000.\0002\000.\0002\000\040\000w\000r\000i\000t\000e\000\050\000\051}{subsection.5.11.2}% 70
\BOOKMARK [0][-]{chapter.6}{\376\377\0006\000\040\000F\000\341\000j\000l\000o\000k\000\040\000d\000o\000k\000u\000m\000e\000n\000t\000\341\000c\000i\000\363\000j\000a}{}% 71
\BOOKMARK [1][-]{section.6.1}{\376\377\0006\000.\0001\000\040\000b\000a\000s\000i\000c\000\137\000c\000o\000m\000p\000o\000n\000e\000n\000t\000s\000.\000h}{chapter.6}% 72
\BOOKMARK [1][-]{section.6.2}{\376\377\0006\000.\0002\000\040\000A\000N\000D\000.\000h}{chapter.6}% 73
\BOOKMARK [1][-]{section.6.3}{\376\377\0006\000.\0003\000\040\000I\000N\000P\000.\000h\000\040\000f\000\341\000j\000l\000r\000e\000f\000e\000r\000e\000n\000c\000i\000a}{chapter.6}% 74
\BOOKMARK [2][-]{subsection.6.3.1}{\376\377\0006\000.\0003\000.\0001\000\040\000R\000\351\000s\000z\000l\000e\000t\000e\000s\000\040\000l\000e\000\355\000r\000\341\000s}{section.6.3}% 75
\BOOKMARK [1][-]{section.6.4}{\376\377\0006\000.\0004\000\040\000I\000N\000P\000.\000h}{chapter.6}% 76
\BOOKMARK [1][-]{section.6.5}{\376\377\0006\000.\0005\000\040\000N\000O\000T\000.\000h\000\040\000f\000\341\000j\000l\000r\000e\000f\000e\000r\000e\000n\000c\000i\000a}{chapter.6}% 77
\BOOKMARK [2][-]{subsection.6.5.1}{\376\377\0006\000.\0005\000.\0001\000\040\000R\000\351\000s\000z\000l\000e\000t\000e\000s\000\040\000l\000e\000\355\000r\000\341\000s}{section.6.5}% 78
\BOOKMARK [1][-]{section.6.6}{\376\377\0006\000.\0006\000\040\000N\000O\000T\000.\000h}{chapter.6}% 79
\BOOKMARK [1][-]{section.6.7}{\376\377\0006\000.\0007\000\040\000O\000R\000.\000h\000\040\000f\000\341\000j\000l\000r\000e\000f\000e\000r\000e\000n\000c\000i\000a}{chapter.6}% 80
\BOOKMARK [2][-]{subsection.6.7.1}{\376\377\0006\000.\0007\000.\0001\000\040\000R\000\351\000s\000z\000l\000e\000t\000e\000s\000\040\000l\000e\000\355\000r\000\341\000s}{section.6.7}% 81
\BOOKMARK [1][-]{section.6.8}{\376\377\0006\000.\0008\000\040\000O\000R\000.\000h}{chapter.6}% 82
\BOOKMARK [1][-]{section.6.9}{\376\377\0006\000.\0009\000\040\000P\000R\000I\000N\000T\000.\000h\000\040\000f\000\341\000j\000l\000r\000e\000f\000e\000r\000e\000n\000c\000i\000a}{chapter.6}% 83
\BOOKMARK [2][-]{subsection.6.9.1}{\376\377\0006\000.\0009\000.\0001\000\040\000R\000\351\000s\000z\000l\000e\000t\000e\000s\000\040\000l\000e\000\355\000r\000\341\000s}{section.6.9}% 84
\BOOKMARK [1][-]{section.6.10}{\376\377\0006\000.\0001\0000\000\040\000P\000R\000I\000N\000T\000.\000h}{chapter.6}% 85
\BOOKMARK [1][-]{section.6.11}{\376\377\0006\000.\0001\0001\000\040\000S\000T\000D\000\137\000I\000N\000P\000.\000h\000\040\000f\000\341\000j\000l\000r\000e\000f\000e\000r\000e\000n\000c\000i\000a}{chapter.6}% 86
\BOOKMARK [2][-]{subsection.6.11.1}{\376\377\0006\000.\0001\0001\000.\0001\000\040\000R\000\351\000s\000z\000l\000e\000t\000e\000s\000\040\000l\000e\000\355\000r\000\341\000s}{section.6.11}% 87
\BOOKMARK [1][-]{section.6.12}{\376\377\0006\000.\0001\0002\000\040\000S\000T\000D\000\137\000I\000N\000P\000.\000h}{chapter.6}% 88
\BOOKMARK [1][-]{section.6.13}{\376\377\0006\000.\0001\0003\000\040\000X\000O\000R\000.\000h\000\040\000f\000\341\000j\000l\000r\000e\000f\000e\000r\000e\000n\000c\000i\000a}{chapter.6}% 89
\BOOKMARK [2][-]{subsection.6.13.1}{\376\377\0006\000.\0001\0003\000.\0001\000\040\000R\000\351\000s\000z\000l\000e\000t\000e\000s\000\040\000l\000e\000\355\000r\000\341\000s}{section.6.13}% 90
\BOOKMARK [1][-]{section.6.14}{\376\377\0006\000.\0001\0004\000\040\000X\000O\000R\000.\000h}{chapter.6}% 91
\BOOKMARK [1][-]{section.6.15}{\376\377\0006\000.\0001\0005\000\040\000c\000o\000m\000p\000o\000n\000e\000n\000t\000.\000h\000\040\000f\000\341\000j\000l\000r\000e\000f\000e\000r\000e\000n\000c\000i\000a}{chapter.6}% 92
\BOOKMARK [2][-]{subsection.6.15.1}{\376\377\0006\000.\0001\0005\000.\0001\000\040\000R\000\351\000s\000z\000l\000e\000t\000e\000s\000\040\000l\000e\000\355\000r\000\341\000s}{section.6.15}% 93
\BOOKMARK [1][-]{section.6.16}{\376\377\0006\000.\0001\0006\000\040\000c\000o\000m\000p\000o\000n\000e\000n\000t\000.\000h}{chapter.6}% 94
\BOOKMARK [1][-]{section.6.17}{\376\377\0006\000.\0001\0007\000\040\000l\000o\000g\000i\000c\000\137\000n\000e\000t\000w\000o\000r\000k\000.\000h\000\040\000f\000\341\000j\000l\000r\000e\000f\000e\000r\000e\000n\000c\000i\000a}{chapter.6}% 95
\BOOKMARK [2][-]{subsection.6.17.1}{\376\377\0006\000.\0001\0007\000.\0001\000\040\000R\000\351\000s\000z\000l\000e\000t\000e\000s\000\040\000l\000e\000\355\000r\000\341\000s}{section.6.17}% 96
\BOOKMARK [1][-]{section.6.18}{\376\377\0006\000.\0001\0008\000\040\000l\000o\000g\000i\000c\000\137\000n\000e\000t\000w\000o\000r\000k\000.\000h}{chapter.6}% 97
\BOOKMARK [1][-]{section.6.19}{\376\377\0006\000.\0001\0009\000\040\000l\000o\000g\000i\000c\000\137\000n\000e\000t\000w\000o\000r\000k\000\137\000c\000o\000n\000f\000i\000g\000u\000r\000e\000r\000.\000h\000\040\000f\000\341\000j\000l\000r\000e\000f\000e\000r\000e\000n\000c\000i\000a}{chapter.6}% 98
\BOOKMARK [2][-]{subsection.6.19.1}{\376\377\0006\000.\0001\0009\000.\0001\000\040\000R\000\351\000s\000z\000l\000e\000t\000e\000s\000\040\000l\000e\000\355\000r\000\341\000s}{section.6.19}% 99
\BOOKMARK [1][-]{section.6.20}{\376\377\0006\000.\0002\0000\000\040\000l\000o\000g\000i\000c\000\137\000n\000e\000t\000w\000o\000r\000k\000\137\000c\000o\000n\000f\000i\000g\000u\000r\000e\000r\000.\000h}{chapter.6}% 100
\BOOKMARK [1][-]{section.6.21}{\376\377\0006\000.\0002\0001\000\040\000m\000a\000i\000n\000.\000c\000p\000p\000\040\000f\000\341\000j\000l\000r\000e\000f\000e\000r\000e\000n\000c\000i\000a}{chapter.6}% 101
\BOOKMARK [2][-]{subsection.6.21.1}{\376\377\0006\000.\0002\0001\000.\0001\000\040\000R\000\351\000s\000z\000l\000e\000t\000e\000s\000\040\000l\000e\000\355\000r\000\341\000s}{section.6.21}% 102
\BOOKMARK [1][-]{section.6.22}{\376\377\0006\000.\0002\0002\000\040\000w\000i\000r\000e\000.\000h\000\040\000f\000\341\000j\000l\000r\000e\000f\000e\000r\000e\000n\000c\000i\000a}{chapter.6}% 103
\BOOKMARK [2][-]{subsection.6.22.1}{\376\377\0006\000.\0002\0002\000.\0001\000\040\000R\000\351\000s\000z\000l\000e\000t\000e\000s\000\040\000l\000e\000\355\000r\000\341\000s}{section.6.22}% 104
\BOOKMARK [1][-]{section.6.23}{\376\377\0006\000.\0002\0003\000\040\000w\000i\000r\000e\000.\000h}{chapter.6}% 105
\BOOKMARK [0][-]{section*.72}{\376\377\000T\000\341\000r\000g\000y\000m\000u\000t\000a\000t\000\363}{}% 106
